Flow report for fadc1440_top
Thu Jun 20 19:09:06 2019
Quartus Prime Version 18.1.1 Build 646 04/11/2019 SJ Standard Edition


---------------------
; Table of Contents ;
---------------------
  1. Legal Notice
  2. Flow Summary
  3. Flow Settings
  4. Flow Non-Default Global Settings
  5. Flow Elapsed Time
  6. Flow OS Summary
  7. Flow Log
  8. Flow Messages
  9. Flow Suppressed Messages



----------------
; Legal Notice ;
----------------
Copyright (C) 2019  Intel Corporation. All rights reserved.
Your use of Intel Corporation's design tools, logic functions 
and other software and tools, and any partner logic 
functions, and any output files from any of the foregoing 
(including device programming or simulation files), and any 
associated documentation or information are expressly subject 
to the terms and conditions of the Intel Program License 
Subscription Agreement, the Intel Quartus Prime License Agreement,
the Intel FPGA IP License Agreement, or other applicable license
agreement, including, without limitation, that your use is for
the sole purpose of programming logic devices manufactured by
Intel and sold by Intel or its authorized distributors.  Please
refer to the applicable agreement for further details, at
https://fpgasoftware.intel.com/eula.



+--------------------------------------------------------------------------------------+
; Flow Summary                                                                         ;
+------------------------------------+-------------------------------------------------+
; Flow Status                        ; Successful - Thu Jun 20 19:08:52 2019           ;
; Quartus Prime Version              ; 18.1.1 Build 646 04/11/2019 SJ Standard Edition ;
; Revision Name                      ; fadc1440_top                                    ;
; Top-level Entity Name              ; fadc1440_top                                    ;
; Family                             ; Cyclone IV E                                    ;
; Device                             ; EP4CE40F23C7                                    ;
; Timing Models                      ; Final                                           ;
; Total logic elements               ; 26,948 / 39,600 ( 68 % )                        ;
;     Total combinational functions  ; 23,934 / 39,600 ( 60 % )                        ;
;     Dedicated logic registers      ; 13,977 / 39,600 ( 35 % )                        ;
; Total registers                    ; 14009                                           ;
; Total pins                         ; 92 / 329 ( 28 % )                               ;
; Total virtual pins                 ; 0                                               ;
; Total memory bits                  ; 508,512 / 1,161,216 ( 44 % )                    ;
; Embedded Multiplier 9-bit elements ; 0 / 232 ( 0 % )                                 ;
; Total PLLs                         ; 4 / 4 ( 100 % )                                 ;
+------------------------------------+-------------------------------------------------+


+-----------------------------------------+
; Flow Settings                           ;
+-------------------+---------------------+
; Option            ; Setting             ;
+-------------------+---------------------+
; Start date & time ; 06/20/2019 19:04:27 ;
; Main task         ; Compilation         ;
; Revision Name     ; fadc1440_top        ;
+-------------------+---------------------+


+-----------------------------------------------------------------------------------------------------------------------------+
; Flow Non-Default Global Settings                                                                                            ;
+-------------------------------------+----------------------------------------+---------------+-------------+----------------+
; Assignment Name                     ; Value                                  ; Default Value ; Entity Name ; Section Id     ;
+-------------------------------------+----------------------------------------+---------------+-------------+----------------+
; COMPILER_SIGNATURE_ID               ; 163580568564953.156102506704948        ; --            ; --          ; --             ;
; CYCLONEII_OPTIMIZATION_TECHNIQUE    ; Speed                                  ; Balanced      ; --          ; --             ;
; EDA_OUTPUT_DATA_FORMAT              ; None                                   ; --            ; --          ; eda_simulation ;
; FITTER_EFFORT                       ; Standard Fit                           ; Auto Fit      ; --          ; --             ;
; MAX_CORE_JUNCTION_TEMP              ; 85                                     ; --            ; --          ; --             ;
; MIN_CORE_JUNCTION_TEMP              ; 0                                      ; --            ; --          ; --             ;
; MISC_FILE                           ; IP/clkgen.cmp                          ; --            ; --          ; --             ;
; MISC_FILE                           ; IP/clkgen.ppf                          ; --            ; --          ; --             ;
; MISC_FILE                           ; IP/desconv.bsf                         ; --            ; --          ; --             ;
; MISC_FILE                           ; IP/desconv_inst.vhd                    ; --            ; --          ; --             ;
; MISC_FILE                           ; IP/desconv.inc                         ; --            ; --          ; --             ;
; MISC_FILE                           ; IP/desconv.cmp                         ; --            ; --          ; --             ;
; MISC_FILE                           ; IP/desconv.ppf                         ; --            ; --          ; --             ;
; MISC_FILE                           ; IP/chbuf.cmp                           ; --            ; --          ; --             ;
; MISC_FILE                           ; IP/l1_buffer.cmp                       ; --            ; --          ; --             ;
; MISC_FILE                           ; IP/iobidir.cmp                         ; --            ; --          ; --             ;
; MISC_FILE                           ; IP/clkcnt.cmp                          ; --            ; --          ; --             ;
; MISC_FILE                           ; IP/mux14_16.cmp                        ; --            ; --          ; --             ;
; MISC_FILE                           ; IP/mux32_16.cmp                        ; --            ; --          ; --             ;
; MISC_FILE                           ; IP/swclkgen.cmp                        ; --            ; --          ; --             ;
; MISC_FILE                           ; IP/swclkgen.ppf                        ; --            ; --          ; --             ;
; MISC_FILE                           ; IP/iobidir0.cmp                        ; --            ; --          ; --             ;
; OUTPUT_IO_TIMING_FAR_END_VMEAS      ; Half Signal Swing                      ; --            ; --          ; --             ;
; OUTPUT_IO_TIMING_FAR_END_VMEAS      ; Half Signal Swing                      ; --            ; --          ; --             ;
; OUTPUT_IO_TIMING_NEAR_END_VMEAS     ; Half Vccio                             ; --            ; --          ; --             ;
; OUTPUT_IO_TIMING_NEAR_END_VMEAS     ; Half Vccio                             ; --            ; --          ; --             ;
; PARTITION_COLOR                     ; -- (Not supported for targeted family) ; --            ; --          ; Top            ;
; PARTITION_FITTER_PRESERVATION_LEVEL ; -- (Not supported for targeted family) ; --            ; --          ; Top            ;
; PARTITION_NETLIST_TYPE              ; -- (Not supported for targeted family) ; --            ; --          ; Top            ;
; POWER_BOARD_THERMAL_MODEL           ; None (CONSERVATIVE)                    ; --            ; --          ; --             ;
; POWER_DEFAULT_INPUT_IO_TOGGLE_RATE  ; 100%                                   ; 12.5%         ; --          ; --             ;
; POWER_PRESET_COOLING_SOLUTION       ; 23 MM HEAT SINK WITH 200 LFPM AIRFLOW  ; --            ; --          ; --             ;
; PROJECT_OUTPUT_DIRECTORY            ; output_files                           ; --            ; --          ; --             ;
; SYNCHRONIZER_IDENTIFICATION         ; Auto                                   ; Off           ; --          ; --             ;
; TIMING_ANALYZER_DO_REPORT_TIMING    ; On                                     ; Off           ; --          ; --             ;
+-------------------------------------+----------------------------------------+---------------+-------------+----------------+


+--------------------------------------------------------------------------------------------------------------------------+
; Flow Elapsed Time                                                                                                        ;
+----------------------+--------------+-------------------------+---------------------+------------------------------------+
; Module Name          ; Elapsed Time ; Average Processors Used ; Peak Virtual Memory ; Total CPU Time (on all processors) ;
+----------------------+--------------+-------------------------+---------------------+------------------------------------+
; Analysis & Synthesis ; 00:01:35     ; 1.0                     ; 5323 MB             ; 00:01:47                           ;
; Fitter               ; 00:02:36     ; 1.2                     ; 6066 MB             ; 00:04:58                           ;
; Assembler            ; 00:00:03     ; 1.0                     ; 4799 MB             ; 00:00:03                           ;
; Timing Analyzer      ; 00:00:13     ; 1.5                     ; 5110 MB             ; 00:00:18                           ;
; Total                ; 00:04:27     ; --                      ; --                  ; 00:07:06                           ;
+----------------------+--------------+-------------------------+---------------------+------------------------------------+


+------------------------------------------------------------------------------------+
; Flow OS Summary                                                                    ;
+----------------------+------------------+------------+------------+----------------+
; Module Name          ; Machine Hostname ; OS Name    ; OS Version ; Processor type ;
+----------------------+------------------+------------+------------+----------------+
; Analysis & Synthesis ; anuc0            ; Windows 10 ; 10.0       ; x86_64         ;
; Fitter               ; anuc0            ; Windows 10 ; 10.0       ; x86_64         ;
; Assembler            ; anuc0            ; Windows 10 ; 10.0       ; x86_64         ;
; Timing Analyzer      ; anuc0            ; Windows 10 ; 10.0       ; x86_64         ;
+----------------------+------------------+------------+------------+----------------+


------------
; Flow Log ;
------------
quartus_map --read_settings_files=on --write_settings_files=off fadc1440 -c fadc1440_top
quartus_fit --read_settings_files=off --write_settings_files=off fadc1440 -c fadc1440_top
quartus_asm --read_settings_files=off --write_settings_files=off fadc1440 -c fadc1440_top
quartus_sta fadc1440 -c fadc1440_top



