Assembler report for fadc1440_top
Thu Jun 20 19:08:52 2019
Quartus Prime Version 18.1.1 Build 646 04/11/2019 SJ Standard Edition


---------------------
; Table of Contents ;
---------------------
  1. Legal Notice
  2. Assembler Summary
  3. Assembler Settings
  4. Assembler Generated Files
  5. Assembler Device Options: C:/Users/ajimura/Documents/Elec-RD/fadc1440/output_files/fadc1440_top.sof
  6. Assembler Messages



----------------
; Legal Notice ;
----------------
Copyright (C) 2019  Intel Corporation. All rights reserved.
Your use of Intel Corporation's design tools, logic functions 
and other software and tools, and any partner logic 
functions, and any output files from any of the foregoing 
(including device programming or simulation files), and any 
associated documentation or information are expressly subject 
to the terms and conditions of the Intel Program License 
Subscription Agreement, the Intel Quartus Prime License Agreement,
the Intel FPGA IP License Agreement, or other applicable license
agreement, including, without limitation, that your use is for
the sole purpose of programming logic devices manufactured by
Intel and sold by Intel or its authorized distributors.  Please
refer to the applicable agreement for further details, at
https://fpgasoftware.intel.com/eula.



+---------------------------------------------------------------+
; Assembler Summary                                             ;
+-----------------------+---------------------------------------+
; Assembler Status      ; Successful - Thu Jun 20 19:08:52 2019 ;
; Revision Name         ; fadc1440_top                          ;
; Top-level Entity Name ; fadc1440_top                          ;
; Family                ; Cyclone IV E                          ;
; Device                ; EP4CE40F23C7                          ;
+-----------------------+---------------------------------------+


+----------------------------------+
; Assembler Settings               ;
+--------+---------+---------------+
; Option ; Setting ; Default Value ;
+--------+---------+---------------+


+---------------------------------------------------------------------------+
; Assembler Generated Files                                                 ;
+---------------------------------------------------------------------------+
; File Name                                                                 ;
+---------------------------------------------------------------------------+
; C:/Users/ajimura/Documents/Elec-RD/fadc1440/output_files/fadc1440_top.sof ;
+---------------------------------------------------------------------------+


+-----------------------------------------------------------------------------------------------------+
; Assembler Device Options: C:/Users/ajimura/Documents/Elec-RD/fadc1440/output_files/fadc1440_top.sof ;
+----------------+------------------------------------------------------------------------------------+
; Option         ; Setting                                                                            ;
+----------------+------------------------------------------------------------------------------------+
; JTAG usercode  ; 0x01265833                                                                         ;
; Checksum       ; 0x01265833                                                                         ;
+----------------+------------------------------------------------------------------------------------+


+--------------------+
; Assembler Messages ;
+--------------------+
Info: *******************************************************************
Info: Running Quartus Prime Assembler
    Info: Version 18.1.1 Build 646 04/11/2019 SJ Standard Edition
    Info: Processing started: Thu Jun 20 19:08:49 2019
Info: Command: quartus_asm --read_settings_files=off --write_settings_files=off fadc1440 -c fadc1440_top
Warning (18236): Number of processors has not been specified which may cause overloading on shared machines.  Set the global assignment NUM_PARALLEL_PROCESSORS in your QSF to an appropriate value for best performance.
Info (115031): Writing out detailed assembly data for power analysis
Info (115030): Assembler is generating device programming files
Info: Quartus Prime Assembler was successful. 0 errors, 1 warning
    Info: Peak virtual memory: 4799 megabytes
    Info: Processing ended: Thu Jun 20 19:08:52 2019
    Info: Elapsed time: 00:00:03
    Info: Total CPU time (on all processors): 00:00:03


